<?xml version="1.0" encoding="UTF-8"?>
<coverage generated="1750112700116" clover="3.2.0">
  <project timestamp="1750112700116" name="All files">
    <metrics statements="170" coveredstatements="164" conditionals="127" coveredconditionals="117" methods="35" coveredmethods="35" elements="332" coveredelements="316" complexity="0" loc="170" ncloc="170" packages="1" files="1" classes="1"/>
    <file name="bank.ts" path="/Users/juancho/Courses/CursorWorkshop/src/server/src/bank.ts">
      <metrics statements="170" coveredstatements="164" conditionals="127" coveredconditionals="117" methods="35" coveredmethods="35"/>
      <line num="76" count="1" type="stmt"/>
      <line num="77" count="67" type="stmt"/>
      <line num="78" count="67" type="stmt"/>
      <line num="79" count="67" type="stmt"/>
      <line num="80" count="67" type="stmt"/>
      <line num="84" count="67" type="stmt"/>
      <line num="88" count="67" type="stmt"/>
      <line num="99" count="67" type="stmt"/>
      <line num="110" count="67" type="stmt"/>
      <line num="111" count="67" type="stmt"/>
      <line num="114" count="67" type="stmt"/>
      <line num="124" count="67" type="stmt"/>
      <line num="134" count="67" type="stmt"/>
      <line num="135" count="67" type="stmt"/>
      <line num="139" count="103" type="stmt"/>
      <line num="144" count="3" type="stmt"/>
      <line num="145" count="9" type="cond" truecount="3" falsecount="0"/>
      <line num="151" count="185" type="stmt"/>
      <line num="152" count="239" type="cond" truecount="4" falsecount="0"/>
      <line num="156" count="185" type="cond" truecount="2" falsecount="0"/>
      <line num="160" count="2" type="stmt"/>
      <line num="161" count="4" type="cond" truecount="2" falsecount="0"/>
      <line num="166" count="105" type="cond" truecount="4" falsecount="0"/>
      <line num="167" count="1" type="stmt"/>
      <line num="169" count="104" type="cond" truecount="4" falsecount="0"/>
      <line num="170" count="1" type="stmt"/>
      <line num="173" count="103" type="cond" truecount="2" falsecount="0"/>
      <line num="174" count="103" type="stmt"/>
      <line num="185" count="103" type="stmt"/>
      <line num="188" count="103" type="cond" truecount="2" falsecount="0"/>
      <line num="189" count="83" type="stmt"/>
      <line num="196" count="103" type="stmt"/>
      <line num="200" count="4" type="stmt"/>
      <line num="201" count="4" type="cond" truecount="2" falsecount="0"/>
      <line num="202" count="1" type="stmt"/>
      <line num="205" count="3" type="cond" truecount="2" falsecount="0"/>
      <line num="206" count="1" type="stmt"/>
      <line num="209" count="2" type="cond" truecount="2" falsecount="0"/>
      <line num="210" count="1" type="stmt"/>
      <line num="212" count="2" type="cond" truecount="2" falsecount="0"/>
      <line num="213" count="1" type="stmt"/>
      <line num="216" count="2" type="stmt"/>
      <line num="220" count="10" type="stmt"/>
      <line num="221" count="10" type="cond" truecount="2" falsecount="0"/>
      <line num="222" count="1" type="stmt"/>
      <line num="225" count="9" type="cond" truecount="2" falsecount="0"/>
      <line num="226" count="1" type="stmt"/>
      <line num="229" count="8" type="stmt"/>
      <line num="230" count="8" type="stmt"/>
      <line num="231" count="8" type="stmt"/>
      <line num="233" count="8" type="stmt"/>
      <line num="237" count="3" type="stmt"/>
      <line num="238" count="3" type="cond" truecount="1" falsecount="1"/>
      <line num="239" count="0" type="stmt"/>
      <line num="242" count="3" type="cond" truecount="2" falsecount="0"/>
      <line num="243" count="1" type="stmt"/>
      <line num="246" count="2" type="stmt"/>
      <line num="247" count="2" type="stmt"/>
      <line num="249" count="2" type="stmt"/>
      <line num="253" count="3" type="stmt"/>
      <line num="254" count="3" type="cond" truecount="1" falsecount="1"/>
      <line num="255" count="0" type="stmt"/>
      <line num="258" count="3" type="cond" truecount="2" falsecount="0"/>
      <line num="259" count="1" type="stmt"/>
      <line num="262" count="2" type="stmt"/>
      <line num="263" count="2" type="stmt"/>
      <line num="265" count="2" type="stmt"/>
      <line num="271" count="9" type="cond" truecount="2" falsecount="0"/>
      <line num="272" count="1" type="stmt"/>
      <line num="273" count="1" type="cond" truecount="1" falsecount="1"/>
      <line num="274" count="1" type="stmt"/>
      <line num="277" count="16" type="stmt"/>
      <line num="278" count="9" type="stmt"/>
      <line num="282" count="9" type="cond" truecount="2" falsecount="0"/>
      <line num="283" count="1" type="stmt"/>
      <line num="284" count="1" type="stmt"/>
      <line num="285" count="3" type="stmt"/>
      <line num="286" count="2" type="stmt"/>
      <line num="288" count="8" type="stmt"/>
      <line num="292" count="4" type="cond" truecount="2" falsecount="0"/>
      <line num="296" count="124" type="stmt"/>
      <line num="297" count="124" type="cond" truecount="2" falsecount="0"/>
      <line num="298" count="2" type="stmt"/>
      <line num="301" count="122" type="cond" truecount="2" falsecount="0"/>
      <line num="302" count="1" type="stmt"/>
      <line num="305" count="121" type="cond" truecount="1" falsecount="1"/>
      <line num="306" count="0" type="stmt"/>
      <line num="309" count="121" type="cond" truecount="5" falsecount="0"/>
      <line num="310" count="2" type="stmt"/>
      <line num="313" count="119" type="cond" truecount="4" falsecount="0"/>
      <line num="314" count="2" type="stmt"/>
      <line num="318" count="117" type="cond" truecount="2" falsecount="0"/>
      <line num="319" count="108" type="stmt"/>
      <line num="320" count="9" type="cond" truecount="1" falsecount="1"/>
      <line num="321" count="9" type="stmt"/>
      <line num="324" count="117" type="stmt"/>
      <line num="334" count="117" type="stmt"/>
      <line num="336" count="117" type="stmt"/>
      <line num="348" count="9" type="stmt"/>
      <line num="349" count="9" type="stmt"/>
      <line num="351" count="9" type="cond" truecount="4" falsecount="0"/>
      <line num="352" count="2" type="stmt"/>
      <line num="356" count="7" type="cond" truecount="4" falsecount="1"/>
      <line num="357" count="0" type="stmt"/>
      <line num="360" count="7" type="cond" truecount="4" falsecount="0"/>
      <line num="361" count="1" type="stmt"/>
      <line num="364" count="6" type="cond" truecount="2" falsecount="0"/>
      <line num="365" count="2" type="stmt"/>
      <line num="368" count="4" type="cond" truecount="2" falsecount="0"/>
      <line num="369" count="2" type="stmt"/>
      <line num="373" count="2" type="stmt"/>
      <line num="374" count="2" type="stmt"/>
      <line num="377" count="2" type="stmt"/>
      <line num="387" count="2" type="stmt"/>
      <line num="397" count="2" type="stmt"/>
      <line num="399" count="2" type="stmt"/>
      <line num="425" count="7" type="stmt"/>
      <line num="426" count="7" type="cond" truecount="2" falsecount="0"/>
      <line num="427" count="1" type="stmt"/>
      <line num="430" count="6" type="cond" truecount="2" falsecount="0"/>
      <line num="431" count="1" type="stmt"/>
      <line num="434" count="5" type="cond" truecount="2" falsecount="0"/>
      <line num="435" count="1" type="stmt"/>
      <line num="438" count="4" type="stmt"/>
      <line num="441" count="4" type="stmt"/>
      <line num="442" count="4" type="cond" truecount="3" falsecount="0"/>
      <line num="444" count="2" type="stmt"/>
      <line num="445" count="2" type="stmt"/>
      <line num="447" count="1" type="stmt"/>
      <line num="448" count="1" type="stmt"/>
      <line num="450" count="1" type="stmt"/>
      <line num="451" count="1" type="stmt"/>
      <line num="454" count="4" type="stmt"/>
      <line num="455" count="4" type="stmt"/>
      <line num="457" count="4" type="stmt"/>
      <line num="459" count="4" type="stmt"/>
      <line num="469" count="4" type="stmt"/>
      <line num="471" count="4" type="stmt"/>
      <line num="492" count="4" type="stmt"/>
      <line num="493" count="4" type="cond" truecount="2" falsecount="0"/>
      <line num="494" count="1" type="stmt"/>
      <line num="497" count="3" type="stmt"/>
      <line num="498" count="3" type="stmt"/>
      <line num="500" count="3" type="cond" truecount="2" falsecount="0"/>
      <line num="501" count="1" type="stmt"/>
      <line num="504" count="2" type="stmt"/>
      <line num="505" count="4" type="stmt"/>
      <line num="507" count="4" type="stmt"/>
      <line num="508" count="4" type="cond" truecount="2" falsecount="0"/>
      <line num="510" count="2" type="stmt"/>
      <line num="513" count="2" type="stmt"/>
      <line num="514" count="2" type="stmt"/>
      <line num="515" count="4" type="stmt"/>
      <line num="516" count="4" type="cond" truecount="3" falsecount="1"/>
      <line num="517" count="4" type="stmt"/>
      <line num="518" count="4" type="cond" truecount="1" falsecount="1"/>
      <line num="519" count="0" type="stmt"/>
      <line num="525" count="2" type="cond" truecount="1" falsecount="1"/>
      <line num="526" count="2" type="stmt"/>
      <line num="527" count="2" type="stmt"/>
      <line num="529" count="2" type="cond" truecount="3" falsecount="1"/>
      <line num="530" count="0" type="stmt"/>
      <line num="534" count="2" type="stmt"/>
      <line num="535" count="4" type="cond" truecount="3" falsecount="0"/>
      <line num="536" count="3" type="stmt"/>
      <line num="538" count="2" type="stmt"/>
      <line num="539" count="4" type="cond" truecount="2" falsecount="0"/>
      <line num="540" count="1" type="stmt"/>
      <line num="542" count="2" type="stmt"/>
      <line num="566" count="1" type="stmt"/>
    </file>
  </project>
</coverage>
