{"/Users/juancho/Courses/CursorWorkshop/src/server/src/bank.ts": {"path":"/Users/juancho/Courses/CursorWorkshop/src/server/src/bank.ts","statementMap":{"0":{"start":{"line":77,"column":10},"end":{"line":77,"column":35}},"1":{"start":{"line":78,"column":10},"end":{"line":78,"column":43}},"2":{"start":{"line":79,"column":10},"end":{"line":79,"column":28}},"3":{"start":{"line":80,"column":10},"end":{"line":80,"column":32}},"4":{"start":{"line":84,"column":4},"end":{"line":84,"column":32}},"5":{"start":{"line":88,"column":30},"end":{"line":97,"column":6}},"6":{"start":{"line":99,"column":30},"end":{"line":108,"column":6}},"7":{"start":{"line":110,"column":4},"end":{"line":110,"column":41}},"8":{"start":{"line":111,"column":4},"end":{"line":111,"column":27}},"9":{"start":{"line":114,"column":38},"end":{"line":122,"column":6}},"10":{"start":{"line":124,"column":38},"end":{"line":132,"column":6}},"11":{"start":{"line":134,"column":4},"end":{"line":134,"column":53}},"12":{"start":{"line":135,"column":4},"end":{"line":135,"column":31}},"13":{"start":{"line":139,"column":4},"end":{"line":139,"column":53}},"14":{"start":{"line":144,"column":4},"end":{"line":147,"column":6}},"15":{"start":{"line":145,"column":6},"end":{"line":146,"column":44}},"16":{"start":{"line":151,"column":20},"end":{"line":154,"column":null}},"17":{"start":{"line":152,"column":6},"end":{"line":154,"column":40}},"18":{"start":{"line":156,"column":4},"end":{"line":156,"column":27}},"19":{"start":{"line":160,"column":4},"end":{"line":162,"column":6}},"20":{"start":{"line":161,"column":6},"end":{"line":161,"column":62}},"21":{"start":{"line":166,"column":4},"end":{"line":168,"column":5}},"22":{"start":{"line":167,"column":6},"end":{"line":167,"column":45}},"23":{"start":{"line":169,"column":4},"end":{"line":171,"column":5}},"24":{"start":{"line":170,"column":6},"end":{"line":170,"column":57}},"25":{"start":{"line":173,"column":27},"end":{"line":173,"column":54}},"26":{"start":{"line":174,"column":32},"end":{"line":183,"column":6}},"27":{"start":{"line":185,"column":4},"end":{"line":185,"column":35}},"28":{"start":{"line":188,"column":4},"end":{"line":194,"column":5}},"29":{"start":{"line":189,"column":6},"end":{"line":193,"column":28}},"30":{"start":{"line":196,"column":4},"end":{"line":196,"column":22}},"31":{"start":{"line":200,"column":20},"end":{"line":200,"column":51}},"32":{"start":{"line":201,"column":4},"end":{"line":203,"column":5}},"33":{"start":{"line":202,"column":6},"end":{"line":202,"column":43}},"34":{"start":{"line":205,"column":4},"end":{"line":207,"column":5}},"35":{"start":{"line":206,"column":6},"end":{"line":206,"column":54}},"36":{"start":{"line":209,"column":4},"end":{"line":211,"column":5}},"37":{"start":{"line":210,"column":6},"end":{"line":210,"column":59}},"38":{"start":{"line":212,"column":4},"end":{"line":214,"column":5}},"39":{"start":{"line":213,"column":6},"end":{"line":213,"column":48}},"40":{"start":{"line":216,"column":4},"end":{"line":216,"column":19}},"41":{"start":{"line":220,"column":20},"end":{"line":220,"column":51}},"42":{"start":{"line":221,"column":4},"end":{"line":223,"column":5}},"43":{"start":{"line":222,"column":6},"end":{"line":222,"column":43}},"44":{"start":{"line":225,"column":4},"end":{"line":227,"column":5}},"45":{"start":{"line":226,"column":6},"end":{"line":226,"column":51}},"46":{"start":{"line":229,"column":4},"end":{"line":229,"column":30}},"47":{"start":{"line":230,"column":4},"end":{"line":230,"column":34}},"48":{"start":{"line":231,"column":4},"end":{"line":231,"column":48}},"49":{"start":{"line":233,"column":4},"end":{"line":233,"column":19}},"50":{"start":{"line":237,"column":20},"end":{"line":237,"column":51}},"51":{"start":{"line":238,"column":4},"end":{"line":240,"column":5}},"52":{"start":{"line":239,"column":6},"end":{"line":239,"column":43}},"53":{"start":{"line":242,"column":4},"end":{"line":244,"column":5}},"54":{"start":{"line":243,"column":6},"end":{"line":243,"column":47}},"55":{"start":{"line":246,"column":4},"end":{"line":246,"column":30}},"56":{"start":{"line":247,"column":4},"end":{"line":247,"column":50}},"57":{"start":{"line":249,"column":4},"end":{"line":249,"column":19}},"58":{"start":{"line":253,"column":20},"end":{"line":253,"column":51}},"59":{"start":{"line":254,"column":4},"end":{"line":256,"column":5}},"60":{"start":{"line":255,"column":6},"end":{"line":255,"column":43}},"61":{"start":{"line":258,"column":4},"end":{"line":260,"column":5}},"62":{"start":{"line":259,"column":6},"end":{"line":259,"column":117}},"63":{"start":{"line":262,"column":4},"end":{"line":262,"column":30}},"64":{"start":{"line":263,"column":4},"end":{"line":263,"column":48}},"65":{"start":{"line":265,"column":4},"end":{"line":265,"column":19}},"66":{"start":{"line":271,"column":4},"end":{"line":276,"column":5}},"67":{"start":{"line":272,"column":22},"end":{"line":272,"column":60}},"68":{"start":{"line":273,"column":6},"end":{"line":275,"column":7}},"69":{"start":{"line":274,"column":8},"end":{"line":274,"column":72}},"70":{"start":{"line":277,"column":4},"end":{"line":278,"column":89}},"71":{"start":{"line":277,"column":41},"end":{"line":277,"column":66}},"72":{"start":{"line":278,"column":22},"end":{"line":278,"column":87}},"73":{"start":{"line":282,"column":4},"end":{"line":287,"column":5}},"74":{"start":{"line":283,"column":29},"end":{"line":283,"column":78}},"75":{"start":{"line":283,"column":71},"end":{"line":283,"column":77}},"76":{"start":{"line":284,"column":6},"end":{"line":286,"column":91}},"77":{"start":{"line":285,"column":21},"end":{"line":285,"column":57}},"78":{"start":{"line":286,"column":24},"end":{"line":286,"column":89}},"79":{"start":{"line":288,"column":4},"end":{"line":288,"column":111}},"80":{"start":{"line":288,"column":44},"end":{"line":288,"column":109}},"81":{"start":{"line":292,"column":4},"end":{"line":292,"column":60}},"82":{"start":{"line":292,"column":39},"end":{"line":292,"column":50}},"83":{"start":{"line":296,"column":20},"end":{"line":296,"column":58}},"84":{"start":{"line":297,"column":4},"end":{"line":299,"column":5}},"85":{"start":{"line":298,"column":6},"end":{"line":298,"column":43}},"86":{"start":{"line":301,"column":4},"end":{"line":303,"column":5}},"87":{"start":{"line":302,"column":6},"end":{"line":302,"column":71}},"88":{"start":{"line":305,"column":4},"end":{"line":307,"column":5}},"89":{"start":{"line":306,"column":6},"end":{"line":306,"column":71}},"90":{"start":{"line":309,"column":4},"end":{"line":311,"column":5}},"91":{"start":{"line":310,"column":6},"end":{"line":310,"column":60}},"92":{"start":{"line":313,"column":4},"end":{"line":315,"column":5}},"93":{"start":{"line":314,"column":6},"end":{"line":314,"column":44}},"94":{"start":{"line":318,"column":4},"end":{"line":322,"column":5}},"95":{"start":{"line":319,"column":6},"end":{"line":319,"column":40}},"96":{"start":{"line":320,"column":11},"end":{"line":322,"column":5}},"97":{"start":{"line":321,"column":6},"end":{"line":321,"column":40}},"98":{"start":{"line":324,"column":37},"end":{"line":332,"column":6}},"99":{"start":{"line":334,"column":4},"end":{"line":334,"column":40}},"100":{"start":{"line":336,"column":4},"end":{"line":339,"column":6}},"101":{"start":{"line":348,"column":24},"end":{"line":348,"column":74}},"102":{"start":{"line":349,"column":22},"end":{"line":349,"column":70}},"103":{"start":{"line":351,"column":4},"end":{"line":353,"column":5}},"104":{"start":{"line":352,"column":6},"end":{"line":352,"column":56}},"105":{"start":{"line":356,"column":4},"end":{"line":358,"column":5}},"106":{"start":{"line":357,"column":6},"end":{"line":357,"column":77}},"107":{"start":{"line":360,"column":4},"end":{"line":362,"column":5}},"108":{"start":{"line":361,"column":6},"end":{"line":361,"column":68}},"109":{"start":{"line":364,"column":4},"end":{"line":366,"column":5}},"110":{"start":{"line":365,"column":6},"end":{"line":365,"column":44}},"111":{"start":{"line":368,"column":4},"end":{"line":370,"column":5}},"112":{"start":{"line":369,"column":6},"end":{"line":369,"column":58}},"113":{"start":{"line":373,"column":4},"end":{"line":373,"column":42}},"114":{"start":{"line":374,"column":4},"end":{"line":374,"column":40}},"115":{"start":{"line":377,"column":47},"end":{"line":385,"column":6}},"116":{"start":{"line":387,"column":44},"end":{"line":395,"column":6}},"117":{"start":{"line":397,"column":4},"end":{"line":397,"column":70}},"118":{"start":{"line":399,"column":4},"end":{"line":404,"column":6}},"119":{"start":{"line":425,"column":20},"end":{"line":425,"column":58}},"120":{"start":{"line":426,"column":4},"end":{"line":428,"column":5}},"121":{"start":{"line":427,"column":6},"end":{"line":427,"column":43}},"122":{"start":{"line":430,"column":4},"end":{"line":432,"column":5}},"123":{"start":{"line":431,"column":6},"end":{"line":431,"column":73}},"124":{"start":{"line":434,"column":4},"end":{"line":436,"column":5}},"125":{"start":{"line":435,"column":6},"end":{"line":435,"column":74}},"126":{"start":{"line":438,"column":28},"end":{"line":438,"column":43}},"127":{"start":{"line":441,"column":27},"end":{"line":441,"column":28}},"128":{"start":{"line":442,"column":4},"end":{"line":452,"column":5}},"129":{"start":{"line":444,"column":8},"end":{"line":444,"column":32}},"130":{"start":{"line":445,"column":8},"end":{"line":445,"column":14}},"131":{"start":{"line":447,"column":8},"end":{"line":447,"column":31}},"132":{"start":{"line":448,"column":8},"end":{"line":448,"column":14}},"133":{"start":{"line":450,"column":8},"end":{"line":450,"column":29}},"134":{"start":{"line":451,"column":8},"end":{"line":451,"column":14}},"135":{"start":{"line":454,"column":27},"end":{"line":454,"column":84}},"136":{"start":{"line":455,"column":4},"end":{"line":455,"column":38}},"137":{"start":{"line":457,"column":22},"end":{"line":457,"column":46}},"138":{"start":{"line":459,"column":37},"end":{"line":467,"column":6}},"139":{"start":{"line":469,"column":4},"end":{"line":469,"column":40}},"140":{"start":{"line":471,"column":4},"end":{"line":487,"column":6}},"141":{"start":{"line":492,"column":20},"end":{"line":492,"column":58}},"142":{"start":{"line":493,"column":4},"end":{"line":495,"column":5}},"143":{"start":{"line":494,"column":6},"end":{"line":494,"column":43}},"144":{"start":{"line":497,"column":18},"end":{"line":497,"column":37}},"145":{"start":{"line":498,"column":16},"end":{"line":498,"column":33}},"146":{"start":{"line":500,"column":4},"end":{"line":502,"column":5}},"147":{"start":{"line":501,"column":6},"end":{"line":501,"column":60}},"148":{"start":{"line":504,"column":31},"end":{"line":510,"column":88}},"149":{"start":{"line":505,"column":19},"end":{"line":505,"column":44}},"150":{"start":{"line":507,"column":32},"end":{"line":507,"column":53}},"151":{"start":{"line":508,"column":8},"end":{"line":508,"column":66}},"152":{"start":{"line":510,"column":22},"end":{"line":510,"column":87}},"153":{"start":{"line":513,"column":25},"end":{"line":513,"column":40}},"154":{"start":{"line":514,"column":4},"end":{"line":522,"column":5}},"155":{"start":{"line":514,"column":17},"end":{"line":514,"column":45}},"156":{"start":{"line":515,"column":26},"end":{"line":515,"column":46}},"157":{"start":{"line":516,"column":6},"end":{"line":521,"column":7}},"158":{"start":{"line":517,"column":8},"end":{"line":517,"column":50}},"159":{"start":{"line":518,"column":8},"end":{"line":520,"column":9}},"160":{"start":{"line":519,"column":10},"end":{"line":519,"column":16}},"161":{"start":{"line":525,"column":4},"end":{"line":532,"column":5}},"162":{"start":{"line":526,"column":31},"end":{"line":526,"column":52}},"163":{"start":{"line":527,"column":6},"end":{"line":527,"column":79}},"164":{"start":{"line":529,"column":6},"end":{"line":531,"column":7}},"165":{"start":{"line":530,"column":8},"end":{"line":530,"column":81}},"166":{"start":{"line":534,"column":26},"end":{"line":536,"column":44}},"167":{"start":{"line":535,"column":19},"end":{"line":535,"column":92}},"168":{"start":{"line":536,"column":26},"end":{"line":536,"column":40}},"169":{"start":{"line":538,"column":29},"end":{"line":540,"column":44}},"170":{"start":{"line":539,"column":19},"end":{"line":539,"column":71}},"171":{"start":{"line":540,"column":26},"end":{"line":540,"column":40}},"172":{"start":{"line":542,"column":4},"end":{"line":561,"column":6}},"173":{"start":{"line":76,"column":0},"end":{"line":76,"column":13}},"174":{"start":{"line":566,"column":13},"end":{"line":566,"column":45}}},"fnMap":{"0":{"name":"(anonymous_0)","decl":{"start":{"line":82,"column":2},"end":{"line":82,"column":null}},"loc":{"start":{"line":82,"column":2},"end":{"line":85,"column":3}}},"1":{"name":"(anonymous_1)","decl":{"start":{"line":87,"column":10},"end":{"line":87,"column":30}},"loc":{"start":{"line":87,"column":30},"end":{"line":136,"column":3}}},"2":{"name":"(anonymous_2)","decl":{"start":{"line":138,"column":10},"end":{"line":138,"column":31}},"loc":{"start":{"line":138,"column":31},"end":{"line":140,"column":3}}},"3":{"name":"(anonymous_3)","decl":{"start":{"line":143,"column":2},"end":{"line":143,"column":16}},"loc":{"start":{"line":143,"column":32},"end":{"line":148,"column":3}}},"4":{"name":"(anonymous_4)","decl":{"start":{"line":144,"column":32},"end":{"line":144,"column":39}},"loc":{"start":{"line":145,"column":6},"end":{"line":146,"column":44}}},"5":{"name":"(anonymous_5)","decl":{"start":{"line":150,"column":2},"end":{"line":150,"column":16}},"loc":{"start":{"line":150,"column":44},"end":{"line":157,"column":3}}},"6":{"name":"(anonymous_6)","decl":{"start":{"line":151,"column":39},"end":{"line":151,"column":42}},"loc":{"start":{"line":152,"column":6},"end":{"line":154,"column":40}}},"7":{"name":"(anonymous_7)","decl":{"start":{"line":159,"column":2},"end":{"line":159,"column":19}},"loc":{"start":{"line":159,"column":34},"end":{"line":163,"column":3}}},"8":{"name":"(anonymous_8)","decl":{"start":{"line":160,"column":32},"end":{"line":160,"column":39}},"loc":{"start":{"line":161,"column":6},"end":{"line":161,"column":62}}},"9":{"name":"(anonymous_9)","decl":{"start":{"line":165,"column":2},"end":{"line":165,"column":15}},"loc":{"start":{"line":165,"column":45},"end":{"line":197,"column":3}}},"10":{"name":"(anonymous_10)","decl":{"start":{"line":199,"column":2},"end":{"line":199,"column":15}},"loc":{"start":{"line":199,"column":108},"end":{"line":217,"column":3}}},"11":{"name":"(anonymous_11)","decl":{"start":{"line":219,"column":2},"end":{"line":219,"column":15}},"loc":{"start":{"line":219,"column":58},"end":{"line":234,"column":3}}},"12":{"name":"(anonymous_12)","decl":{"start":{"line":236,"column":2},"end":{"line":236,"column":17}},"loc":{"start":{"line":236,"column":44},"end":{"line":250,"column":3}}},"13":{"name":"(anonymous_13)","decl":{"start":{"line":252,"column":2},"end":{"line":252,"column":14}},"loc":{"start":{"line":252,"column":41},"end":{"line":266,"column":3}}},"14":{"name":"(anonymous_14)","decl":{"start":{"line":269,"column":2},"end":{"line":269,"column":24}},"loc":{"start":{"line":269,"column":59},"end":{"line":279,"column":3}}},"15":{"name":"(anonymous_15)","decl":{"start":{"line":277,"column":36},"end":{"line":277,"column":37}},"loc":{"start":{"line":277,"column":41},"end":{"line":277,"column":66}}},"16":{"name":"(anonymous_16)","decl":{"start":{"line":278,"column":12},"end":{"line":278,"column":13}},"loc":{"start":{"line":278,"column":22},"end":{"line":278,"column":87}}},"17":{"name":"(anonymous_17)","decl":{"start":{"line":281,"column":2},"end":{"line":281,"column":20}},"loc":{"start":{"line":281,"column":36},"end":{"line":289,"column":3}}},"18":{"name":"(anonymous_18)","decl":{"start":{"line":283,"column":64},"end":{"line":283,"column":67}},"loc":{"start":{"line":283,"column":71},"end":{"line":283,"column":77}}},"19":{"name":"(anonymous_19)","decl":{"start":{"line":285,"column":16},"end":{"line":285,"column":17}},"loc":{"start":{"line":285,"column":21},"end":{"line":285,"column":57}}},"20":{"name":"(anonymous_20)","decl":{"start":{"line":286,"column":14},"end":{"line":286,"column":15}},"loc":{"start":{"line":286,"column":24},"end":{"line":286,"column":89}}},"21":{"name":"(anonymous_21)","decl":{"start":{"line":288,"column":34},"end":{"line":288,"column":35}},"loc":{"start":{"line":288,"column":44},"end":{"line":288,"column":109}}},"22":{"name":"(anonymous_22)","decl":{"start":{"line":291,"column":2},"end":{"line":291,"column":20}},"loc":{"start":{"line":291,"column":31},"end":{"line":293,"column":3}}},"23":{"name":"(anonymous_23)","decl":{"start":{"line":292,"column":34},"end":{"line":292,"column":35}},"loc":{"start":{"line":292,"column":39},"end":{"line":292,"column":50}}},"24":{"name":"(anonymous_24)","decl":{"start":{"line":295,"column":2},"end":{"line":295,"column":19}},"loc":{"start":{"line":295,"column":89},"end":{"line":340,"column":3}}},"25":{"name":"(anonymous_25)","decl":{"start":{"line":342,"column":2},"end":{"line":342,"column":15}},"loc":{"start":{"line":342,"column":57},"end":{"line":405,"column":3}}},"26":{"name":"(anonymous_26)","decl":{"start":{"line":408,"column":2},"end":{"line":408,"column":27}},"loc":{"start":{"line":408,"column":88},"end":{"line":488,"column":3}}},"27":{"name":"(anonymous_27)","decl":{"start":{"line":491,"column":2},"end":{"line":491,"column":21}},"loc":{"start":{"line":491,"column":92},"end":{"line":562,"column":3}}},"28":{"name":"(anonymous_28)","decl":{"start":{"line":505,"column":14},"end":{"line":505,"column":15}},"loc":{"start":{"line":505,"column":19},"end":{"line":505,"column":44}}},"29":{"name":"(anonymous_29)","decl":{"start":{"line":506,"column":14},"end":{"line":506,"column":15}},"loc":{"start":{"line":506,"column":18},"end":{"line":509,"column":7}}},"30":{"name":"(anonymous_30)","decl":{"start":{"line":510,"column":12},"end":{"line":510,"column":13}},"loc":{"start":{"line":510,"column":22},"end":{"line":510,"column":87}}},"31":{"name":"(anonymous_31)","decl":{"start":{"line":535,"column":14},"end":{"line":535,"column":15}},"loc":{"start":{"line":535,"column":19},"end":{"line":535,"column":92}}},"32":{"name":"(anonymous_32)","decl":{"start":{"line":536,"column":14},"end":{"line":536,"column":15}},"loc":{"start":{"line":536,"column":26},"end":{"line":536,"column":40}}},"33":{"name":"(anonymous_33)","decl":{"start":{"line":539,"column":14},"end":{"line":539,"column":15}},"loc":{"start":{"line":539,"column":19},"end":{"line":539,"column":71}}},"34":{"name":"(anonymous_34)","decl":{"start":{"line":540,"column":14},"end":{"line":540,"column":15}},"loc":{"start":{"line":540,"column":26},"end":{"line":540,"column":40}}}},"branchMap":{"0":{"loc":{"start":{"line":145,"column":6},"end":{"line":146,"column":44}},"type":"binary-expr","locations":[{"start":{"line":145,"column":6},"end":{"line":145,"column":33}},{"start":{"line":146,"column":7},"end":{"line":146,"column":14}},{"start":{"line":146,"column":18},"end":{"line":146,"column":43}}]},"1":{"loc":{"start":{"line":152,"column":6},"end":{"line":154,"column":40}},"type":"binary-expr","locations":[{"start":{"line":152,"column":6},"end":{"line":152,"column":19}},{"start":{"line":153,"column":6},"end":{"line":153,"column":29}},{"start":{"line":154,"column":7},"end":{"line":154,"column":14}},{"start":{"line":154,"column":18},"end":{"line":154,"column":39}}]},"2":{"loc":{"start":{"line":156,"column":11},"end":{"line":156,"column":26}},"type":"binary-expr","locations":[{"start":{"line":156,"column":11},"end":{"line":156,"column":18}},{"start":{"line":156,"column":22},"end":{"line":156,"column":26}}]},"3":{"loc":{"start":{"line":161,"column":6},"end":{"line":161,"column":62}},"type":"binary-expr","locations":[{"start":{"line":161,"column":6},"end":{"line":161,"column":31}},{"start":{"line":161,"column":35},"end":{"line":161,"column":62}}]},"4":{"loc":{"start":{"line":166,"column":4},"end":{"line":168,"column":5}},"type":"if","locations":[{"start":{"line":166,"column":4},"end":{"line":168,"column":5}},{"start":{},"end":{}}]},"5":{"loc":{"start":{"line":166,"column":8},"end":{"line":166,"column":55}},"type":"binary-expr","locations":[{"start":{"line":166,"column":8},"end":{"line":166,"column":23}},{"start":{"line":166,"column":27},"end":{"line":166,"column":55}}]},"6":{"loc":{"start":{"line":169,"column":4},"end":{"line":171,"column":5}},"type":"if","locations":[{"start":{"line":169,"column":4},"end":{"line":171,"column":5}},{"start":{},"end":{}}]},"7":{"loc":{"start":{"line":169,"column":8},"end":{"line":169,"column":69}},"type":"binary-expr","locations":[{"start":{"line":169,"column":8},"end":{"line":169,"column":30}},{"start":{"line":169,"column":34},"end":{"line":169,"column":69}}]},"8":{"loc":{"start":{"line":173,"column":27},"end":{"line":173,"column":54}},"type":"binary-expr","locations":[{"start":{"line":173,"column":27},"end":{"line":173,"column":49}},{"start":{"line":173,"column":53},"end":{"line":173,"column":54}}]},"9":{"loc":{"start":{"line":180,"column":19},"end":{"line":180,"column":52}},"type":"binary-expr","locations":[{"start":{"line":180,"column":19},"end":{"line":180,"column":38}},{"start":{"line":180,"column":42},"end":{"line":180,"column":52}}]},"10":{"loc":{"start":{"line":188,"column":4},"end":{"line":194,"column":5}},"type":"if","locations":[{"start":{"line":188,"column":4},"end":{"line":194,"column":5}},{"start":{},"end":{}}]},"11":{"loc":{"start":{"line":201,"column":4},"end":{"line":203,"column":5}},"type":"if","locations":[{"start":{"line":201,"column":4},"end":{"line":203,"column":5}},{"start":{},"end":{}}]},"12":{"loc":{"start":{"line":205,"column":4},"end":{"line":207,"column":5}},"type":"if","locations":[{"start":{"line":205,"column":4},"end":{"line":207,"column":5}},{"start":{},"end":{}}]},"13":{"loc":{"start":{"line":209,"column":4},"end":{"line":211,"column":5}},"type":"if","locations":[{"start":{"line":209,"column":4},"end":{"line":211,"column":5}},{"start":{},"end":{}}]},"14":{"loc":{"start":{"line":212,"column":4},"end":{"line":214,"column":5}},"type":"if","locations":[{"start":{"line":212,"column":4},"end":{"line":214,"column":5}},{"start":{},"end":{}}]},"15":{"loc":{"start":{"line":221,"column":4},"end":{"line":223,"column":5}},"type":"if","locations":[{"start":{"line":221,"column":4},"end":{"line":223,"column":5}},{"start":{},"end":{}}]},"16":{"loc":{"start":{"line":225,"column":4},"end":{"line":227,"column":5}},"type":"if","locations":[{"start":{"line":225,"column":4},"end":{"line":227,"column":5}},{"start":{},"end":{}}]},"17":{"loc":{"start":{"line":238,"column":4},"end":{"line":240,"column":5}},"type":"if","locations":[{"start":{"line":238,"column":4},"end":{"line":240,"column":5}},{"start":{},"end":{}}]},"18":{"loc":{"start":{"line":242,"column":4},"end":{"line":244,"column":5}},"type":"if","locations":[{"start":{"line":242,"column":4},"end":{"line":244,"column":5}},{"start":{},"end":{}}]},"19":{"loc":{"start":{"line":254,"column":4},"end":{"line":256,"column":5}},"type":"if","locations":[{"start":{"line":254,"column":4},"end":{"line":256,"column":5}},{"start":{},"end":{}}]},"20":{"loc":{"start":{"line":258,"column":4},"end":{"line":260,"column":5}},"type":"if","locations":[{"start":{"line":258,"column":4},"end":{"line":260,"column":5}},{"start":{},"end":{}}]},"21":{"loc":{"start":{"line":271,"column":4},"end":{"line":276,"column":5}},"type":"if","locations":[{"start":{"line":271,"column":4},"end":{"line":276,"column":5}},{"start":{},"end":{}}]},"22":{"loc":{"start":{"line":273,"column":6},"end":{"line":275,"column":7}},"type":"if","locations":[{"start":{"line":273,"column":6},"end":{"line":275,"column":7}},{"start":{},"end":{}}]},"23":{"loc":{"start":{"line":282,"column":4},"end":{"line":287,"column":5}},"type":"if","locations":[{"start":{"line":282,"column":4},"end":{"line":287,"column":5}},{"start":{},"end":{}}]},"24":{"loc":{"start":{"line":292,"column":11},"end":{"line":292,"column":59}},"type":"binary-expr","locations":[{"start":{"line":292,"column":11},"end":{"line":292,"column":51}},{"start":{"line":292,"column":55},"end":{"line":292,"column":59}}]},"25":{"loc":{"start":{"line":297,"column":4},"end":{"line":299,"column":5}},"type":"if","locations":[{"start":{"line":297,"column":4},"end":{"line":299,"column":5}},{"start":{},"end":{}}]},"26":{"loc":{"start":{"line":301,"column":4},"end":{"line":303,"column":5}},"type":"if","locations":[{"start":{"line":301,"column":4},"end":{"line":303,"column":5}},{"start":{},"end":{}}]},"27":{"loc":{"start":{"line":305,"column":4},"end":{"line":307,"column":5}},"type":"if","locations":[{"start":{"line":305,"column":4},"end":{"line":307,"column":5}},{"start":{},"end":{}}]},"28":{"loc":{"start":{"line":309,"column":4},"end":{"line":311,"column":5}},"type":"if","locations":[{"start":{"line":309,"column":4},"end":{"line":311,"column":5}},{"start":{},"end":{}}]},"29":{"loc":{"start":{"line":309,"column":8},"end":{"line":309,"column":63}},"type":"binary-expr","locations":[{"start":{"line":309,"column":8},"end":{"line":309,"column":21}},{"start":{"line":309,"column":25},"end":{"line":309,"column":40}},{"start":{"line":309,"column":44},"end":{"line":309,"column":63}}]},"30":{"loc":{"start":{"line":313,"column":4},"end":{"line":315,"column":5}},"type":"if","locations":[{"start":{"line":313,"column":4},"end":{"line":315,"column":5}},{"start":{},"end":{}}]},"31":{"loc":{"start":{"line":313,"column":8},"end":{"line":313,"column":73}},"type":"binary-expr","locations":[{"start":{"line":313,"column":8},"end":{"line":313,"column":37}},{"start":{"line":313,"column":41},"end":{"line":313,"column":73}}]},"32":{"loc":{"start":{"line":318,"column":4},"end":{"line":322,"column":5}},"type":"if","locations":[{"start":{"line":318,"column":4},"end":{"line":322,"column":5}},{"start":{"line":320,"column":11},"end":{"line":322,"column":5}}]},"33":{"loc":{"start":{"line":320,"column":11},"end":{"line":322,"column":5}},"type":"if","locations":[{"start":{"line":320,"column":11},"end":{"line":322,"column":5}},{"start":{},"end":{}}]},"34":{"loc":{"start":{"line":329,"column":19},"end":{"line":329,"column":44}},"type":"binary-expr","locations":[{"start":{"line":329,"column":19},"end":{"line":329,"column":38}},{"start":{"line":329,"column":42},"end":{"line":329,"column":44}}]},"35":{"loc":{"start":{"line":351,"column":4},"end":{"line":353,"column":5}},"type":"if","locations":[{"start":{"line":351,"column":4},"end":{"line":353,"column":5}},{"start":{},"end":{}}]},"36":{"loc":{"start":{"line":351,"column":8},"end":{"line":351,"column":34}},"type":"binary-expr","locations":[{"start":{"line":351,"column":8},"end":{"line":351,"column":20}},{"start":{"line":351,"column":24},"end":{"line":351,"column":34}}]},"37":{"loc":{"start":{"line":356,"column":4},"end":{"line":358,"column":5}},"type":"if","locations":[{"start":{"line":356,"column":4},"end":{"line":358,"column":5}},{"start":{},"end":{}}]},"38":{"loc":{"start":{"line":356,"column":8},"end":{"line":356,"column":80}},"type":"binary-expr","locations":[{"start":{"line":356,"column":8},"end":{"line":356,"column":14}},{"start":{"line":356,"column":19},"end":{"line":356,"column":48}},{"start":{"line":356,"column":52},"end":{"line":356,"column":79}}]},"39":{"loc":{"start":{"line":360,"column":4},"end":{"line":362,"column":5}},"type":"if","locations":[{"start":{"line":360,"column":4},"end":{"line":362,"column":5}},{"start":{},"end":{}}]},"40":{"loc":{"start":{"line":360,"column":8},"end":{"line":360,"column":72}},"type":"binary-expr","locations":[{"start":{"line":360,"column":8},"end":{"line":360,"column":39}},{"start":{"line":360,"column":43},"end":{"line":360,"column":72}}]},"41":{"loc":{"start":{"line":364,"column":4},"end":{"line":366,"column":5}},"type":"if","locations":[{"start":{"line":364,"column":4},"end":{"line":366,"column":5}},{"start":{},"end":{}}]},"42":{"loc":{"start":{"line":368,"column":4},"end":{"line":370,"column":5}},"type":"if","locations":[{"start":{"line":368,"column":4},"end":{"line":370,"column":5}},{"start":{},"end":{}}]},"43":{"loc":{"start":{"line":382,"column":62},"end":{"line":382,"column":87}},"type":"binary-expr","locations":[{"start":{"line":382,"column":62},"end":{"line":382,"column":81}},{"start":{"line":382,"column":85},"end":{"line":382,"column":87}}]},"44":{"loc":{"start":{"line":392,"column":66},"end":{"line":392,"column":91}},"type":"binary-expr","locations":[{"start":{"line":392,"column":66},"end":{"line":392,"column":85}},{"start":{"line":392,"column":89},"end":{"line":392,"column":91}}]},"45":{"loc":{"start":{"line":426,"column":4},"end":{"line":428,"column":5}},"type":"if","locations":[{"start":{"line":426,"column":4},"end":{"line":428,"column":5}},{"start":{},"end":{}}]},"46":{"loc":{"start":{"line":430,"column":4},"end":{"line":432,"column":5}},"type":"if","locations":[{"start":{"line":430,"column":4},"end":{"line":432,"column":5}},{"start":{},"end":{}}]},"47":{"loc":{"start":{"line":434,"column":4},"end":{"line":436,"column":5}},"type":"if","locations":[{"start":{"line":434,"column":4},"end":{"line":436,"column":5}},{"start":{},"end":{}}]},"48":{"loc":{"start":{"line":442,"column":4},"end":{"line":452,"column":5}},"type":"switch","locations":[{"start":{"line":443,"column":6},"end":{"line":445,"column":14}},{"start":{"line":446,"column":6},"end":{"line":448,"column":14}},{"start":{"line":449,"column":6},"end":{"line":451,"column":14}}]},"49":{"loc":{"start":{"line":493,"column":4},"end":{"line":495,"column":5}},"type":"if","locations":[{"start":{"line":493,"column":4},"end":{"line":495,"column":5}},{"start":{},"end":{}}]},"50":{"loc":{"start":{"line":500,"column":4},"end":{"line":502,"column":5}},"type":"if","locations":[{"start":{"line":500,"column":4},"end":{"line":502,"column":5}},{"start":{},"end":{}}]},"51":{"loc":{"start":{"line":508,"column":15},"end":{"line":508,"column":65}},"type":"binary-expr","locations":[{"start":{"line":508,"column":15},"end":{"line":508,"column":39}},{"start":{"line":508,"column":43},"end":{"line":508,"column":65}}]},"52":{"loc":{"start":{"line":516,"column":6},"end":{"line":521,"column":7}},"type":"if","locations":[{"start":{"line":516,"column":6},"end":{"line":521,"column":7}},{"start":{},"end":{}}]},"53":{"loc":{"start":{"line":516,"column":10},"end":{"line":516,"column":87}},"type":"binary-expr","locations":[{"start":{"line":516,"column":10},"end":{"line":516,"column":45}},{"start":{"line":516,"column":49},"end":{"line":516,"column":87}}]},"54":{"loc":{"start":{"line":518,"column":8},"end":{"line":520,"column":9}},"type":"if","locations":[{"start":{"line":518,"column":8},"end":{"line":520,"column":9}},{"start":{},"end":{}}]},"55":{"loc":{"start":{"line":525,"column":4},"end":{"line":532,"column":5}},"type":"if","locations":[{"start":{"line":525,"column":4},"end":{"line":532,"column":5}},{"start":{},"end":{}}]},"56":{"loc":{"start":{"line":529,"column":6},"end":{"line":531,"column":7}},"type":"if","locations":[{"start":{"line":529,"column":6},"end":{"line":531,"column":7}},{"start":{},"end":{}}]},"57":{"loc":{"start":{"line":529,"column":10},"end":{"line":529,"column":92}},"type":"binary-expr","locations":[{"start":{"line":529,"column":10},"end":{"line":529,"column":48}},{"start":{"line":529,"column":52},"end":{"line":529,"column":92}}]},"58":{"loc":{"start":{"line":535,"column":19},"end":{"line":535,"column":92}},"type":"binary-expr","locations":[{"start":{"line":535,"column":19},"end":{"line":535,"column":39}},{"start":{"line":535,"column":43},"end":{"line":535,"column":67}},{"start":{"line":535,"column":71},"end":{"line":535,"column":92}}]},"59":{"loc":{"start":{"line":539,"column":19},"end":{"line":539,"column":71}},"type":"binary-expr","locations":[{"start":{"line":539,"column":19},"end":{"line":539,"column":42}},{"start":{"line":539,"column":46},"end":{"line":539,"column":71}}]}},"s":{"0":67,"1":67,"2":67,"3":67,"4":67,"5":67,"6":67,"7":67,"8":67,"9":67,"10":67,"11":67,"12":67,"13":103,"14":3,"15":9,"16":185,"17":239,"18":185,"19":2,"20":4,"21":105,"22":1,"23":104,"24":1,"25":103,"26":103,"27":103,"28":103,"29":83,"30":103,"31":4,"32":4,"33":1,"34":3,"35":1,"36":2,"37":1,"38":2,"39":1,"40":2,"41":10,"42":10,"43":1,"44":9,"45":1,"46":8,"47":8,"48":8,"49":8,"50":3,"51":3,"52":0,"53":3,"54":1,"55":2,"56":2,"57":2,"58":3,"59":3,"60":0,"61":3,"62":1,"63":2,"64":2,"65":2,"66":9,"67":1,"68":1,"69":1,"70":8,"71":16,"72":9,"73":9,"74":1,"75":1,"76":1,"77":3,"78":2,"79":8,"80":3,"81":2,"82":4,"83":124,"84":124,"85":2,"86":122,"87":1,"88":121,"89":0,"90":121,"91":2,"92":119,"93":2,"94":117,"95":108,"96":9,"97":9,"98":117,"99":117,"100":117,"101":9,"102":9,"103":9,"104":2,"105":7,"106":0,"107":7,"108":1,"109":6,"110":2,"111":4,"112":2,"113":2,"114":2,"115":2,"116":2,"117":2,"118":2,"119":7,"120":7,"121":1,"122":6,"123":1,"124":5,"125":1,"126":4,"127":4,"128":4,"129":2,"130":2,"131":1,"132":1,"133":1,"134":1,"135":4,"136":4,"137":4,"138":4,"139":4,"140":4,"141":4,"142":4,"143":1,"144":3,"145":3,"146":3,"147":1,"148":2,"149":4,"150":4,"151":4,"152":2,"153":2,"154":2,"155":2,"156":4,"157":4,"158":4,"159":4,"160":0,"161":2,"162":2,"163":2,"164":2,"165":0,"166":2,"167":4,"168":3,"169":2,"170":4,"171":1,"172":2,"173":1,"174":1},"f":{"0":67,"1":67,"2":103,"3":3,"4":9,"5":185,"6":239,"7":2,"8":4,"9":105,"10":4,"11":10,"12":3,"13":3,"14":9,"15":16,"16":9,"17":9,"18":1,"19":3,"20":2,"21":3,"22":2,"23":4,"24":124,"25":9,"26":7,"27":4,"28":4,"29":4,"30":2,"31":4,"32":3,"33":4,"34":1},"b":{"0":[9,9,6],"1":[239,178,177,167],"2":[185,11],"3":[4,3],"4":[1,104],"5":[105,104],"6":[1,103],"7":[104,103],"8":[103,20],"9":[103,83],"10":[83,20],"11":[1,3],"12":[1,2],"13":[1,1],"14":[1,1],"15":[1,9],"16":[1,8],"17":[0,3],"18":[1,2],"19":[0,3],"20":[1,2],"21":[1,8],"22":[1,0],"23":[1,8],"24":[2,1],"25":[2,122],"26":[1,121],"27":[0,121],"28":[2,119],"29":[121,121,120],"30":[2,117],"31":[119,11],"32":[108,9],"33":[9,0],"34":[117,29],"35":[2,7],"36":[9,8],"37":[0,7],"38":[7,6,6],"39":[1,6],"40":[7,6],"41":[2,4],"42":[2,2],"43":[2,1],"44":[2,1],"45":[1,6],"46":[1,5],"47":[1,4],"48":[2,1,1],"49":[1,3],"50":[1,2],"51":[4,4],"52":[4,0],"53":[4,4],"54":[0,4],"55":[2,0],"56":[0,2],"57":[2,2],"58":[4,1,1],"59":[4,3]}}
}
