TN:
SF:src/bank.ts
FN:82,(anonymous_0)
FN:87,(anonymous_1)
FN:138,(anonymous_2)
FN:143,(anonymous_3)
FN:144,(anonymous_4)
FN:150,(anonymous_5)
FN:151,(anonymous_6)
FN:159,(anonymous_7)
FN:160,(anonymous_8)
FN:165,(anonymous_9)
FN:199,(anonymous_10)
FN:219,(anonymous_11)
FN:236,(anonymous_12)
FN:252,(anonymous_13)
FN:269,(anonymous_14)
FN:277,(anonymous_15)
FN:278,(anonymous_16)
FN:281,(anonymous_17)
FN:283,(anonymous_18)
FN:285,(anonymous_19)
FN:286,(anonymous_20)
FN:288,(anonymous_21)
FN:291,(anonymous_22)
FN:292,(anonymous_23)
FN:295,(anonymous_24)
FN:342,(anonymous_25)
FN:408,(anonymous_26)
FN:491,(anonymous_27)
FN:505,(anonymous_28)
FN:506,(anonymous_29)
FN:510,(anonymous_30)
FN:535,(anonymous_31)
FN:536,(anonymous_32)
FN:539,(anonymous_33)
FN:540,(anonymous_34)
FNF:35
FNH:35
FNDA:67,(anonymous_0)
FNDA:67,(anonymous_1)
FNDA:103,(anonymous_2)
FNDA:3,(anonymous_3)
FNDA:9,(anonymous_4)
FNDA:185,(anonymous_5)
FNDA:239,(anonymous_6)
FNDA:2,(anonymous_7)
FNDA:4,(anonymous_8)
FNDA:105,(anonymous_9)
FNDA:4,(anonymous_10)
FNDA:10,(anonymous_11)
FNDA:3,(anonymous_12)
FNDA:3,(anonymous_13)
FNDA:9,(anonymous_14)
FNDA:16,(anonymous_15)
FNDA:9,(anonymous_16)
FNDA:9,(anonymous_17)
FNDA:1,(anonymous_18)
FNDA:3,(anonymous_19)
FNDA:2,(anonymous_20)
FNDA:3,(anonymous_21)
FNDA:2,(anonymous_22)
FNDA:4,(anonymous_23)
FNDA:124,(anonymous_24)
FNDA:9,(anonymous_25)
FNDA:7,(anonymous_26)
FNDA:4,(anonymous_27)
FNDA:4,(anonymous_28)
FNDA:4,(anonymous_29)
FNDA:2,(anonymous_30)
FNDA:4,(anonymous_31)
FNDA:3,(anonymous_32)
FNDA:4,(anonymous_33)
FNDA:1,(anonymous_34)
DA:76,1
DA:77,67
DA:78,67
DA:79,67
DA:80,67
DA:84,67
DA:88,67
DA:99,67
DA:110,67
DA:111,67
DA:114,67
DA:124,67
DA:134,67
DA:135,67
DA:139,103
DA:144,3
DA:145,9
DA:151,185
DA:152,239
DA:156,185
DA:160,2
DA:161,4
DA:166,105
DA:167,1
DA:169,104
DA:170,1
DA:173,103
DA:174,103
DA:185,103
DA:188,103
DA:189,83
DA:196,103
DA:200,4
DA:201,4
DA:202,1
DA:205,3
DA:206,1
DA:209,2
DA:210,1
DA:212,2
DA:213,1
DA:216,2
DA:220,10
DA:221,10
DA:222,1
DA:225,9
DA:226,1
DA:229,8
DA:230,8
DA:231,8
DA:233,8
DA:237,3
DA:238,3
DA:239,0
DA:242,3
DA:243,1
DA:246,2
DA:247,2
DA:249,2
DA:253,3
DA:254,3
DA:255,0
DA:258,3
DA:259,1
DA:262,2
DA:263,2
DA:265,2
DA:271,9
DA:272,1
DA:273,1
DA:274,1
DA:277,16
DA:278,9
DA:282,9
DA:283,1
DA:284,1
DA:285,3
DA:286,2
DA:288,8
DA:292,4
DA:296,124
DA:297,124
DA:298,2
DA:301,122
DA:302,1
DA:305,121
DA:306,0
DA:309,121
DA:310,2
DA:313,119
DA:314,2
DA:318,117
DA:319,108
DA:320,9
DA:321,9
DA:324,117
DA:334,117
DA:336,117
DA:348,9
DA:349,9
DA:351,9
DA:352,2
DA:356,7
DA:357,0
DA:360,7
DA:361,1
DA:364,6
DA:365,2
DA:368,4
DA:369,2
DA:373,2
DA:374,2
DA:377,2
DA:387,2
DA:397,2
DA:399,2
DA:425,7
DA:426,7
DA:427,1
DA:430,6
DA:431,1
DA:434,5
DA:435,1
DA:438,4
DA:441,4
DA:442,4
DA:444,2
DA:445,2
DA:447,1
DA:448,1
DA:450,1
DA:451,1
DA:454,4
DA:455,4
DA:457,4
DA:459,4
DA:469,4
DA:471,4
DA:492,4
DA:493,4
DA:494,1
DA:497,3
DA:498,3
DA:500,3
DA:501,1
DA:504,2
DA:505,4
DA:507,4
DA:508,4
DA:510,2
DA:513,2
DA:514,2
DA:515,4
DA:516,4
DA:517,4
DA:518,4
DA:519,0
DA:525,2
DA:526,2
DA:527,2
DA:529,2
DA:530,0
DA:534,2
DA:535,4
DA:536,3
DA:538,2
DA:539,4
DA:540,1
DA:542,2
DA:566,1
LF:170
LH:164
BRDA:145,0,0,9
BRDA:145,0,1,9
BRDA:145,0,2,6
BRDA:152,1,0,239
BRDA:152,1,1,178
BRDA:152,1,2,177
BRDA:152,1,3,167
BRDA:156,2,0,185
BRDA:156,2,1,11
BRDA:161,3,0,4
BRDA:161,3,1,3
BRDA:166,4,0,1
BRDA:166,4,1,104
BRDA:166,5,0,105
BRDA:166,5,1,104
BRDA:169,6,0,1
BRDA:169,6,1,103
BRDA:169,7,0,104
BRDA:169,7,1,103
BRDA:173,8,0,103
BRDA:173,8,1,20
BRDA:180,9,0,103
BRDA:180,9,1,83
BRDA:188,10,0,83
BRDA:188,10,1,20
BRDA:201,11,0,1
BRDA:201,11,1,3
BRDA:205,12,0,1
BRDA:205,12,1,2
BRDA:209,13,0,1
BRDA:209,13,1,1
BRDA:212,14,0,1
BRDA:212,14,1,1
BRDA:221,15,0,1
BRDA:221,15,1,9
BRDA:225,16,0,1
BRDA:225,16,1,8
BRDA:238,17,0,0
BRDA:238,17,1,3
BRDA:242,18,0,1
BRDA:242,18,1,2
BRDA:254,19,0,0
BRDA:254,19,1,3
BRDA:258,20,0,1
BRDA:258,20,1,2
BRDA:271,21,0,1
BRDA:271,21,1,8
BRDA:273,22,0,1
BRDA:273,22,1,0
BRDA:282,23,0,1
BRDA:282,23,1,8
BRDA:292,24,0,2
BRDA:292,24,1,1
BRDA:297,25,0,2
BRDA:297,25,1,122
BRDA:301,26,0,1
BRDA:301,26,1,121
BRDA:305,27,0,0
BRDA:305,27,1,121
BRDA:309,28,0,2
BRDA:309,28,1,119
BRDA:309,29,0,121
BRDA:309,29,1,121
BRDA:309,29,2,120
BRDA:313,30,0,2
BRDA:313,30,1,117
BRDA:313,31,0,119
BRDA:313,31,1,11
BRDA:318,32,0,108
BRDA:318,32,1,9
BRDA:320,33,0,9
BRDA:320,33,1,0
BRDA:329,34,0,117
BRDA:329,34,1,29
BRDA:351,35,0,2
BRDA:351,35,1,7
BRDA:351,36,0,9
BRDA:351,36,1,8
BRDA:356,37,0,0
BRDA:356,37,1,7
BRDA:356,38,0,7
BRDA:356,38,1,6
BRDA:356,38,2,6
BRDA:360,39,0,1
BRDA:360,39,1,6
BRDA:360,40,0,7
BRDA:360,40,1,6
BRDA:364,41,0,2
BRDA:364,41,1,4
BRDA:368,42,0,2
BRDA:368,42,1,2
BRDA:382,43,0,2
BRDA:382,43,1,1
BRDA:392,44,0,2
BRDA:392,44,1,1
BRDA:426,45,0,1
BRDA:426,45,1,6
BRDA:430,46,0,1
BRDA:430,46,1,5
BRDA:434,47,0,1
BRDA:434,47,1,4
BRDA:442,48,0,2
BRDA:442,48,1,1
BRDA:442,48,2,1
BRDA:493,49,0,1
BRDA:493,49,1,3
BRDA:500,50,0,1
BRDA:500,50,1,2
BRDA:508,51,0,4
BRDA:508,51,1,4
BRDA:516,52,0,4
BRDA:516,52,1,0
BRDA:516,53,0,4
BRDA:516,53,1,4
BRDA:518,54,0,0
BRDA:518,54,1,4
BRDA:525,55,0,2
BRDA:525,55,1,0
BRDA:529,56,0,0
BRDA:529,56,1,2
BRDA:529,57,0,2
BRDA:529,57,1,2
BRDA:535,58,0,4
BRDA:535,58,1,1
BRDA:535,58,2,1
BRDA:539,59,0,4
BRDA:539,59,1,3
BRF:127
BRH:117
end_of_record
